{"level":"info","message":"ENVIROMENT: Production"}
{"level":"info","message":"Persistence: MongoDB"}
{"level":"info","message":"DB connected to MongoDB"}
{"level":"info","message":"Express Server listening on PORT 8080"}
{"level":"info","message":"GET en /login - 2023-08-16T23:29:53.108Z"}
{"level":"info","message":"GET en /favicon.ico - 2023-08-16T23:29:53.273Z"}
{"level":"info","message":"ENVIROMENT: Production"}
{"level":"info","message":"Persistence: MongoDB"}
{"level":"info","message":"DB connected to MongoDB"}
{"level":"info","message":"Express Server listening on PORT 8080"}
{"level":"info","message":"GET en /login - 2023-08-16T23:33:34.821Z"}
{"level":"info","message":"ENVIROMENT: Production"}
{"level":"info","message":"Persistence: MongoDB"}
{"level":"info","message":"DB connected to MongoDB"}
{"level":"info","message":"Express Server listening on PORT 8080"}
{"level":"info","message":"POST en /api/login - 2023-08-16T23:50:29.140Z"}
{"level":"error","message":"Error: User or Password invalid"}
{"level":"info","message":"POST en /api/login - 2023-08-16T23:50:34.509Z"}
{"level":"info","message":"GET en /products/ - 2023-08-16T23:50:34.808Z"}
{"level":"info","message":"GET en /api/users/ - 2023-08-16T23:52:02.058Z"}
{"level":"info","message":"GET en /api/users/ - 2023-08-16T23:52:15.489Z"}
{"level":"error","message":"TypeError: sessionsRepository.getAll is not a function"}
{"level":"info","message":"ENVIROMENT: Production"}
{"level":"info","message":"Persistence: MongoDB"}
{"level":"info","message":"DB connected to MongoDB"}
{"level":"info","message":"Express Server listening on PORT 8080"}
{"level":"info","message":"GET en /api/users/ - 2023-08-16T23:55:28.881Z"}
{"level":"error","message":"TypeError: sessionsRepository.getAll is not a function"}
{"level":"info","message":"ENVIROMENT: Production"}
{"level":"info","message":"Persistence: MongoDB"}
{"level":"info","message":"DB connected to MongoDB"}
{"level":"info","message":"Express Server listening on PORT 8080"}
{"level":"info","message":"GET en /api/users/ - 2023-08-16T23:56:04.824Z"}
{"level":"error","message":"TypeError: sessionsRepository.getAll is not a function"}
{"level":"info","message":"ENVIROMENT: Production"}
{"level":"info","message":"Persistence: MongoDB"}
{"level":"info","message":"DB connected to MongoDB"}
{"level":"info","message":"Express Server listening on PORT 8080"}
{"level":"info","message":"GET en /api/users/ - 2023-08-16T23:57:31.686Z"}
{"level":"info","message":"ENVIROMENT: Production"}
{"level":"info","message":"Persistence: MongoDB"}
{"level":"info","message":"DB connected to MongoDB"}
{"level":"info","message":"Express Server listening on PORT 8080"}
{"level":"info","message":"ENVIROMENT: Production"}
{"level":"info","message":"Persistence: MongoDB"}
{"level":"info","message":"DB connected to MongoDB"}
{"level":"info","message":"Express Server listening on PORT 8080"}
{"level":"info","message":"GET en /api/users/ - 2023-08-17T00:10:53.260Z"}
{"level":"error","message":"TypeError: users.forEach is not a function"}
{"level":"info","message":"ENVIROMENT: Production"}
{"level":"info","message":"Persistence: MongoDB"}
{"level":"info","message":"DB connected to MongoDB"}
{"level":"info","message":"Express Server listening on PORT 8080"}
{"level":"info","message":"GET en /api/users/ - 2023-08-17T00:11:59.204Z"}
{"level":"info","message":"ENVIROMENT: Production"}
{"level":"info","message":"Persistence: MongoDB"}
{"level":"info","message":"DB connected to MongoDB"}
{"level":"info","message":"Express Server listening on PORT 8080"}
{"level":"info","message":"GET en /api/users/ - 2023-08-17T00:13:29.881Z"}
{"level":"info","message":"ENVIROMENT: Production"}
{"level":"info","message":"Persistence: MongoDB"}
{"level":"info","message":"DB connected to MongoDB"}
{"level":"info","message":"Express Server listening on PORT 8080"}
{"level":"info","message":"GET en /api/users/ - 2023-08-17T00:32:01.811Z"}
{"level":"info","message":"GET en /products/ - 2023-08-17T00:32:07.272Z"}
{"level":"info","message":"GET en /login - 2023-08-17T00:32:11.304Z"}
{"level":"info","message":"POST en /api/login - 2023-08-17T00:32:15.478Z"}
{"level":"info","message":"GET en /products/ - 2023-08-17T00:32:15.827Z"}
{"level":"info","message":"GET en /api/users/ - 2023-08-17T00:32:24.055Z"}
{"level":"info","message":"ENVIROMENT: Production"}
{"level":"info","message":"Persistence: MongoDB"}
{"level":"info","message":"DB connected to MongoDB"}
{"level":"info","message":"Express Server listening on PORT 8080"}
{"level":"info","message":"ENVIROMENT: Production"}
{"level":"info","message":"Persistence: MongoDB"}
{"level":"info","message":"DB connected to MongoDB"}
{"level":"info","message":"Express Server listening on PORT 8080"}
{"level":"info","message":"GET en /api/users/ - 2023-08-17T00:34:28.490Z"}
{"level":"info","message":"ENVIROMENT: Production"}
{"level":"info","message":"Persistence: MongoDB"}
{"level":"info","message":"DB connected to MongoDB"}
{"level":"info","message":"Express Server listening on PORT 8080"}
{"level":"info","message":"GET en /api/users/ - 2023-08-17T00:35:01.430Z"}
{"level":"info","message":"ENVIROMENT: Production"}
{"level":"info","message":"Persistence: MongoDB"}
{"level":"info","message":"DB connected to MongoDB"}
{"level":"info","message":"Express Server listening on PORT 8080"}
{"level":"info","message":"GET en /api/users/ - 2023-08-17T00:37:07.954Z"}
{"level":"info","message":"ENVIROMENT: Production"}
{"level":"info","message":"Persistence: MongoDB"}
{"level":"info","message":"DB connected to MongoDB"}
{"level":"info","message":"Express Server listening on PORT 8080"}
{"level":"info","message":"GET en /api/users/ - 2023-08-17T00:38:27.907Z"}
{"level":"info","message":"ENVIROMENT: Production"}
{"level":"info","message":"Persistence: MongoDB"}
{"level":"info","message":"DB connected to MongoDB"}
{"level":"info","message":"Express Server listening on PORT 8080"}
{"level":"info","message":"GET en /api/users/ - 2023-08-17T00:40:45.262Z"}
{"level":"info","message":"ENVIROMENT: Production"}
{"level":"info","message":"Persistence: MongoDB"}
{"level":"info","message":"DB connected to MongoDB"}
{"level":"info","message":"Express Server listening on PORT 8080"}
{"level":"info","message":"GET en /register - 2023-08-17T00:44:48.524Z"}
{"level":"info","message":"POST en /api/register - 2023-08-17T00:45:03.296Z"}
{"level":"error","message":"Error: User already exist"}
{"level":"info","message":"GET en /products/ - 2023-08-17T00:45:03.890Z"}
{"level":"info","message":"ENVIROMENT: Production"}
{"level":"info","message":"Persistence: MongoDB"}
{"level":"info","message":"DB connected to MongoDB"}
{"level":"info","message":"Express Server listening on PORT 8080"}
{"level":"info","message":"GET en /products/ - 2023-08-17T00:52:44.309Z"}
{"level":"info","message":"GET en /api/logout - 2023-08-17T00:52:46.150Z"}
{"level":"info","message":"GET en /login - 2023-08-17T00:52:46.174Z"}
{"level":"info","message":"POST en /api/login - 2023-08-17T00:52:54.080Z"}
{"level":"info","message":"GET en /products/ - 2023-08-17T00:52:54.408Z"}
{"level":"info","message":"ENVIROMENT: Production"}
{"level":"info","message":"Persistence: MongoDB"}
{"level":"info","message":"DB connected to MongoDB"}
{"level":"info","message":"Express Server listening on PORT 8080"}
{"level":"info","message":"GET en /api/logout - 2023-08-17T00:53:42.182Z"}
{"level":"info","message":"GET en /login - 2023-08-17T00:53:42.222Z"}
{"level":"info","message":"POST en /api/login - 2023-08-17T00:53:48.583Z"}
{"level":"info","message":"GET en /products/ - 2023-08-17T00:53:49.081Z"}
{"level":"info","message":"ENVIROMENT: Production"}
{"level":"info","message":"Persistence: MongoDB"}
{"level":"info","message":"DB connected to MongoDB"}
{"level":"info","message":"Express Server listening on PORT 8080"}
{"level":"info","message":"GET en /api/logout - 2023-08-17T01:01:24.943Z"}
{"level":"info","message":"GET en /login - 2023-08-17T01:01:24.979Z"}
{"level":"info","message":"POST en /api/login - 2023-08-17T01:01:29.110Z"}
{"level":"error","message":"CastError: Cast to date failed for value \"16/8/2023\" (type string) at path \"lastConnection\""}
{"level":"info","message":"POST en /api/login - 2023-08-17T01:01:33.917Z"}
{"level":"error","message":"CastError: Cast to date failed for value \"16/8/2023\" (type string) at path \"lastConnection\""}
{"level":"info","message":"POST en /api/login - 2023-08-17T01:01:40.348Z"}
{"level":"error","message":"CastError: Cast to date failed for value \"16/8/2023\" (type string) at path \"lastConnection\""}
{"level":"info","message":"ENVIROMENT: Production"}
{"level":"info","message":"Persistence: MongoDB"}
{"level":"info","message":"DB connected to MongoDB"}
{"level":"info","message":"Express Server listening on PORT 8080"}
{"level":"info","message":"GET en /login - 2023-08-17T01:14:49.502Z"}
{"level":"info","message":"ENVIROMENT: Production"}
{"level":"info","message":"Persistence: MongoDB"}
{"level":"info","message":"DB connected to MongoDB"}
{"level":"info","message":"ENVIROMENT: Production"}
{"level":"info","message":"Persistence: MongoDB"}
{"level":"info","message":"DB connected to MongoDB"}
{"level":"info","message":"Express Server listening on PORT 8080"}
{"level":"info","message":"ENVIROMENT: Production"}
{"level":"info","message":"Persistence: MongoDB"}
{"level":"info","message":"DB connected to MongoDB"}
{"level":"info","message":"Express Server listening on PORT 8080"}
{"level":"info","message":"ENVIROMENT: Production"}
{"level":"info","message":"Persistence: MongoDB"}
{"level":"info","message":"DB connected to MongoDB"}
{"level":"info","message":"Express Server listening on PORT 8080"}
{"level":"info","message":"ENVIROMENT: Production"}
{"level":"info","message":"Persistence: MongoDB"}
{"level":"info","message":"DB connected to MongoDB"}
{"level":"info","message":"Express Server listening on PORT 8080"}
{"level":"info","message":"ENVIROMENT: Production"}
{"level":"info","message":"Persistence: MongoDB"}
{"level":"info","message":"DB connected to MongoDB"}
{"level":"info","message":"Express Server listening on PORT 8080"}
{"level":"info","message":"ENVIROMENT: Production"}
{"level":"info","message":"Persistence: MongoDB"}
{"level":"info","message":"DB connected to MongoDB"}
{"level":"info","message":"Express Server listening on PORT 8080"}
{"level":"info","message":"ENVIROMENT: Production"}
{"level":"info","message":"Persistence: MongoDB"}
{"level":"info","message":"DB connected to MongoDB"}
{"level":"info","message":"Express Server listening on PORT 8080"}
{"level":"info","message":"ENVIROMENT: Production"}
{"level":"info","message":"Persistence: MongoDB"}
{"level":"info","message":"DB connected to MongoDB"}
{"level":"info","message":"Express Server listening on PORT 8080"}
{"level":"info","message":"ENVIROMENT: Production"}
{"level":"info","message":"Persistence: MongoDB"}
{"level":"info","message":"DB connected to MongoDB"}
{"level":"info","message":"Express Server listening on PORT 8080"}
{"level":"info","message":"ENVIROMENT: Production"}
{"level":"info","message":"Persistence: MongoDB"}
{"level":"info","message":"ENVIROMENT: Production"}
{"level":"info","message":"Persistence: MongoDB"}
{"level":"info","message":"DB connected to MongoDB"}
{"level":"info","message":"Express Server listening on PORT 8080"}
{"level":"info","message":"POST en /api/register - 2023-08-17T02:28:35.769Z"}
{"level":"error","message":"Error: User already exist"}
{"level":"info","message":"ENVIROMENT: Production"}
{"level":"info","message":"Persistence: MongoDB"}
{"level":"info","message":"DB connected to MongoDB"}
{"level":"info","message":"Express Server listening on PORT 8080"}
{"level":"info","message":"ENVIROMENT: Production"}
{"level":"info","message":"Persistence: MongoDB"}
{"level":"info","message":"DB connected to MongoDB"}
{"level":"info","message":"ENVIROMENT: Production"}
{"level":"info","message":"Persistence: MongoDB"}
{"level":"info","message":"DB connected to MongoDB"}
{"level":"info","message":"Express Server listening on PORT 8080"}
{"level":"info","message":"GET en /login - 2023-08-17T02:32:47.056Z"}
{"level":"info","message":"POST en /api/login - 2023-08-17T02:32:52.350Z"}
{"level":"info","message":"GET en /products/ - 2023-08-17T02:32:52.898Z"}
{"level":"info","message":"ENVIROMENT: Production"}
{"level":"info","message":"Persistence: MongoDB"}
{"level":"info","message":"DB connected to MongoDB"}
{"level":"info","message":"Express Server listening on PORT 8080"}
{"level":"info","message":"ENVIROMENT: Production"}
{"level":"info","message":"Persistence: MongoDB"}
{"level":"info","message":"DB connected to MongoDB"}
{"level":"info","message":"Express Server listening on PORT 8080"}
{"level":"info","message":"GET en /register - 2023-08-17T02:41:35.674Z"}
{"level":"info","message":"POST en /api/register - 2023-08-17T02:42:04.394Z"}
{"level":"error","message":"ValidationError: firstName: Path `firstName` is required., lastName: Path `lastName` is required."}
{"level":"info","message":"ENVIROMENT: Production"}
{"level":"info","message":"Persistence: MongoDB"}
{"level":"info","message":"DB connected to MongoDB"}
{"level":"info","message":"Express Server listening on PORT 8080"}
{"level":"info","message":"POST en /api/register - 2023-08-17T02:42:48.327Z"}
{"level":"error","message":"Error: User already exist"}
{"level":"info","message":"POST en /api/register - 2023-08-17T02:44:16.740Z"}
{"level":"error","message":"Error: User already exist"}
{"level":"info","message":"ENVIROMENT: Production"}
{"level":"info","message":"Persistence: MongoDB"}
{"level":"info","message":"DB connected to MongoDB"}
{"level":"info","message":"Express Server listening on PORT 8080"}
{"level":"info","message":"POST en /api/login - 2023-08-17T02:47:32.444Z"}
{"level":"info","message":"POST en /api/login - 2023-08-17T02:48:11.651Z"}
{"level":"error","message":"Error: User or Password invalid"}
{"level":"info","message":"ENVIROMENT: Production"}
{"level":"info","message":"Persistence: MongoDB"}
{"level":"info","message":"DB connected to MongoDB"}
{"level":"info","message":"Express Server listening on PORT 8080"}
{"level":"info","message":"ENVIROMENT: Production"}
{"level":"info","message":"Persistence: MongoDB"}
{"level":"info","message":"DB connected to MongoDB"}
{"level":"info","message":"Express Server listening on PORT 8080"}
{"level":"info","message":"ENVIROMENT: Production"}
{"level":"info","message":"Persistence: MongoDB"}
{"level":"info","message":"DB connected to MongoDB"}
{"level":"info","message":"Express Server listening on PORT 8080"}
{"level":"info","message":"ENVIROMENT: Production"}
{"level":"info","message":"Persistence: MongoDB"}
{"level":"info","message":"DB connected to MongoDB"}
{"level":"info","message":"Express Server listening on PORT 8080"}
{"level":"info","message":"ENVIROMENT: Production"}
{"level":"info","message":"Persistence: MongoDB"}
{"level":"info","message":"DB connected to MongoDB"}
{"level":"info","message":"Express Server listening on PORT 8080"}
{"level":"info","message":"ENVIROMENT: Production"}
{"level":"info","message":"Persistence: MongoDB"}
{"level":"info","message":"DB connected to MongoDB"}
{"level":"info","message":"Express Server listening on PORT 8080"}
{"level":"info","message":"ENVIROMENT: Production"}
{"level":"info","message":"Persistence: MongoDB"}
{"level":"info","message":"DB connected to MongoDB"}
{"level":"info","message":"Express Server listening on PORT 8080"}
{"level":"info","message":"ENVIROMENT: Production"}
{"level":"info","message":"Persistence: MongoDB"}
{"level":"info","message":"DB connected to MongoDB"}
{"level":"info","message":"Express Server listening on PORT 8080"}
{"level":"info","message":"ENVIROMENT: Production"}
{"level":"info","message":"Persistence: MongoDB"}
{"level":"info","message":"DB connected to MongoDB"}
{"level":"info","message":"Express Server listening on PORT 8080"}
{"level":"info","message":"GET en /products/ - 2023-08-17T03:06:11.701Z"}
{"level":"info","message":"ENVIROMENT: Production"}
{"level":"info","message":"Persistence: MongoDB"}
{"level":"info","message":"DB connected to MongoDB"}
{"level":"info","message":"Express Server listening on PORT 8080"}
{"level":"info","message":"GET en /products/product/64dd6d8fa445589a3edc73c4 - 2023-08-17T03:08:14.137Z"}
{"level":"info","message":"GET en /products/product/645c260c46c5826efed9a561 - 2023-08-17T03:08:24.798Z"}
{"level":"info","message":"ENVIROMENT: Production"}
{"level":"info","message":"Persistence: MongoDB"}
{"level":"info","message":"DB connected to MongoDB"}
{"level":"info","message":"Express Server listening on PORT 8080"}
{"level":"info","message":"ENVIROMENT: Production"}
{"level":"info","message":"Persistence: MongoDB"}
{"level":"info","message":"DB connected to MongoDB"}
{"level":"info","message":"Express Server listening on PORT 8080"}
{"level":"info","message":"ENVIROMENT: Production"}
{"level":"info","message":"Persistence: MongoDB"}
{"level":"info","message":"DB connected to MongoDB"}
{"level":"info","message":"Express Server listening on PORT 8080"}
{"level":"info","message":"ENVIROMENT: Production"}
{"level":"info","message":"Persistence: MongoDB"}
{"level":"info","message":"DB connected to MongoDB"}
{"level":"info","message":"Express Server listening on PORT 8080"}
{"level":"info","message":"ENVIROMENT: Production"}
{"level":"info","message":"Persistence: MongoDB"}
{"level":"info","message":"DB connected to MongoDB"}
{"level":"info","message":"Express Server listening on PORT 8080"}
{"level":"info","message":"ENVIROMENT: Production"}
{"level":"info","message":"Persistence: MongoDB"}
{"level":"info","message":"DB connected to MongoDB"}
{"level":"info","message":"Express Server listening on PORT 8080"}
{"level":"info","message":"ENVIROMENT: Production"}
{"level":"info","message":"Persistence: MongoDB"}
{"level":"info","message":"DB connected to MongoDB"}
{"level":"info","message":"Express Server listening on PORT 8080"}
{"level":"info","message":"GET en /register - 2023-08-17T03:27:44.159Z"}
{"level":"info","message":"ENVIROMENT: Production"}
{"level":"info","message":"Persistence: MongoDB"}
{"level":"info","message":"DB connected to MongoDB"}
{"level":"info","message":"Express Server listening on PORT 8080"}
{"level":"info","message":"ENVIROMENT: Production"}
{"level":"info","message":"Persistence: MongoDB"}
{"level":"info","message":"DB connected to MongoDB"}
{"level":"info","message":"Express Server listening on PORT 8080"}
{"level":"info","message":"ENVIROMENT: Production"}
{"level":"info","message":"Persistence: MongoDB"}
{"level":"info","message":"DB connected to MongoDB"}
{"level":"info","message":"Express Server listening on PORT 8080"}
{"level":"info","message":"ENVIROMENT: Production"}
{"level":"info","message":"Persistence: MongoDB"}
{"level":"info","message":"DB connected to MongoDB"}
{"level":"info","message":"Express Server listening on PORT 8080"}
{"level":"info","message":"ENVIROMENT: Production"}
{"level":"info","message":"Persistence: MongoDB"}
{"level":"info","message":"DB connected to MongoDB"}
{"level":"info","message":"Express Server listening on PORT 8080"}
{"level":"info","message":"ENVIROMENT: Production"}
{"level":"info","message":"Persistence: MongoDB"}
{"level":"info","message":"DB connected to MongoDB"}
{"level":"info","message":"Express Server listening on PORT 8080"}
{"level":"info","message":"ENVIROMENT: Production"}
{"level":"info","message":"Persistence: MongoDB"}
{"level":"info","message":"DB connected to MongoDB"}
{"level":"info","message":"Express Server listening on PORT 8080"}
{"level":"info","message":"GET en /carts/64a097220060b753f713a69e - 2023-08-17T03:43:28.157Z"}
{"level":"info","message":"ENVIROMENT: Production"}
{"level":"info","message":"Persistence: MongoDB"}
{"level":"info","message":"DB connected to MongoDB"}
{"level":"info","message":"Express Server listening on PORT 8080"}
{"level":"info","message":"POST en /products/ - 2023-08-17T03:45:19.770Z"}
{"level":"info","message":"ENVIROMENT: Production"}
{"level":"info","message":"Persistence: MongoDB"}
{"level":"info","message":"DB connected to MongoDB"}
{"level":"info","message":"Express Server listening on PORT 8080"}
{"level":"info","message":"GET en /login - 2023-08-17T03:46:05.803Z"}
{"level":"info","message":"POST en /api/login - 2023-08-17T03:46:11.120Z"}
{"level":"info","message":"GET en /products/ - 2023-08-17T03:46:11.643Z"}
{"level":"info","message":"GET en /carts/64a097220060b753f713a69e - 2023-08-17T03:46:32.934Z"}
{"level":"info","message":"ENVIROMENT: Production"}
{"level":"info","message":"Persistence: MongoDB"}
{"level":"info","message":"DB connected to MongoDB"}
{"level":"info","message":"Express Server listening on PORT 8080"}
{"level":"info","message":"ENVIROMENT: Production"}
{"level":"info","message":"Persistence: MongoDB"}
{"level":"info","message":"DB connected to MongoDB"}
{"level":"info","message":"Express Server listening on PORT 8080"}
{"level":"info","message":"ENVIROMENT: Production"}
{"level":"info","message":"Persistence: MongoDB"}
{"level":"info","message":"DB connected to MongoDB"}
{"level":"info","message":"Express Server listening on PORT 8080"}
{"level":"info","message":"ENVIROMENT: Production"}
{"level":"info","message":"Persistence: MongoDB"}
{"level":"info","message":"DB connected to MongoDB"}
{"level":"info","message":"Express Server listening on PORT 8080"}
{"level":"info","message":"ENVIROMENT: Production"}
{"level":"info","message":"Persistence: MongoDB"}
{"level":"info","message":"DB connected to MongoDB"}
{"level":"info","message":"Express Server listening on PORT 8080"}
{"level":"info","message":"ENVIROMENT: Production"}
{"level":"info","message":"Persistence: MongoDB"}
{"level":"info","message":"DB connected to MongoDB"}
{"level":"info","message":"Express Server listening on PORT 8080"}
{"level":"info","message":"ENVIROMENT: Production"}
{"level":"info","message":"Persistence: MongoDB"}
{"level":"info","message":"DB connected to MongoDB"}
{"level":"info","message":"Express Server listening on PORT 8080"}
{"level":"info","message":"GET en /products/ - 2023-08-17T04:07:31.233Z"}
{"level":"info","message":"GET en /carts/64a097220060b753f713a69e - 2023-08-17T04:08:06.382Z"}
{"level":"info","message":"DELETE en /carts/64a097220060b753f713a69e - 2023-08-17T04:08:43.798Z"}
{"level":"info","message":"ENVIROMENT: Production"}
{"level":"info","message":"Persistence: MongoDB"}
{"level":"info","message":"DB connected to MongoDB"}
{"level":"info","message":"Express Server listening on PORT 8080"}
{"level":"info","message":"POST en /carts/ - 2023-08-17T04:10:30.609Z"}
{"level":"info","message":"POST en /carts/ - 2023-08-17T04:10:48.625Z"}
{"level":"info","message":"POST en /carts/64b477d0b11a4bb4a33d62c1/products/646842eb3d1c8cd60b5ec427 - 2023-08-17T04:11:49.052Z"}
{"level":"info","message":"POST en /carts/64b477d0b11a4bb4a33d62c1/purchase - 2023-08-17T04:12:26.752Z"}
{"level":"info","message":"ENVIROMENT: Production"}
{"level":"info","message":"Persistence: MongoDB"}
{"level":"info","message":"DB connected to MongoDB"}
{"level":"info","message":"Express Server listening on PORT 8080"}
{"level":"info","message":"ENVIROMENT: Production"}
{"level":"info","message":"Persistence: MongoDB"}
{"level":"info","message":"DB connected to MongoDB"}
{"level":"info","message":"Express Server listening on PORT 8080"}
{"level":"info","message":"PUT en /carts/646bf64a8b37fa6097649843/products/645c260c46c5826efed9a562 - 2023-08-17T04:17:20.889Z"}
{"level":"info","message":"PUT en /carts/64a625b6fa50733c3315d247/products/64617304c3f56b92a57ad937 - 2023-08-17T04:17:45.069Z"}
{"level":"info","message":"PUT en /carts/64a625b6fa50733c3315d247/products/64617304c3f56b92a57ad937 - 2023-08-17T04:18:06.279Z"}
{"level":"info","message":"PUT en /carts/64a625b6fa50733c3315d247/update/products/64617304c3f56b92a57ad937 - 2023-08-17T04:18:44.802Z"}
{"level":"info","message":"PUT en /carts/64a625b6fa50733c3315d247/update/products/64617304c3f56b92a57ad937 - 2023-08-17T04:19:01.065Z"}
{"level":"info","message":"GET en /products/ - 2023-08-17T04:19:06.161Z"}
{"level":"info","message":"GET en /login - 2023-08-17T04:19:13.860Z"}
{"level":"info","message":"POST en /api/login - 2023-08-17T04:19:18.795Z"}
{"level":"info","message":"GET en /products/ - 2023-08-17T04:19:19.324Z"}
{"level":"info","message":"PUT en /carts/64a625b6fa50733c3315d247/update/products/64617304c3f56b92a57ad937 - 2023-08-17T04:19:26.156Z"}
{"level":"info","message":"DELETE en /carts/64a625b6fa50733c3315d247/product/64617304c3f56b92a57ad937 - 2023-08-17T04:20:17.256Z"}
{"level":"info","message":"ENVIROMENT: Production"}
{"level":"info","message":"Persistence: MongoDB"}
{"level":"info","message":"DB connected to MongoDB"}
{"level":"info","message":"Express Server listening on PORT 8080"}